\BOOKMARK [0][-]{chapter.1}{\376\377\000I\000n\000t\000r\000o\000d\000u\000c\000t\000i\000o\000n}{}% 1
\BOOKMARK [1][-]{section.1.1}{\376\377\000V\000o\000l\000a\000t\000i\000l\000i\000t\000y\000\040\000F\000o\000r\000e\000c\000a\000s\000t\000i\000n\000g\000\040\000i\000n\000\040\000F\000i\000n\000a\000n\000c\000e}{chapter.1}% 2
\BOOKMARK [1][-]{section.1.2}{\376\377\000C\000r\000y\000p\000t\000o\000c\000u\000r\000r\000e\000n\000c\000y\000\040\000T\000r\000a\000d\000i\000n\000g}{chapter.1}% 3
\BOOKMARK [1][-]{section.1.3}{\376\377\000P\000r\000e\000v\000i\000o\000u\000s\000\040\000W\000o\000r\000k\000s}{chapter.1}% 4
\BOOKMARK [1][-]{section.1.4}{\376\377\000C\000o\000n\000t\000r\000i\000b\000u\000t\000i\000o\000n\000s\000\040\000a\000n\000d\000\040\000L\000i\000m\000i\000t\000a\000t\000i\000o\000n\000s}{chapter.1}% 5
\BOOKMARK [0][-]{chapter.2}{\376\377\000R\000e\000s\000e\000a\000r\000c\000h\000\040\000Q\000u\000e\000s\000t\000i\000o\000n}{}% 6
\BOOKMARK [0][-]{chapter.3}{\376\377\000T\000h\000e\000o\000r\000y}{}% 7
\BOOKMARK [1][-]{section.3.1}{\376\377\000E\000f\000f\000i\000c\000i\000e\000n\000t\000\040\000M\000a\000r\000k\000e\000t\000s}{chapter.3}% 8
\BOOKMARK [1][-]{section.3.2}{\376\377\000V\000o\000l\000a\000t\000i\000l\000i\000t\000y}{chapter.3}% 9
\BOOKMARK [1][-]{section.3.3}{\376\377\000M\000a\000r\000k\000e\000t\000\040\000M\000i\000c\000r\000o\000s\000t\000r\000u\000c\000t\000u\000r\000e}{chapter.3}% 10
\BOOKMARK [1][-]{section.3.4}{\376\377\000C\000r\000y\000p\000t\000o\000c\000u\000r\000r\000e\000n\000c\000i\000e\000s\000\040\000a\000s\000\040\000a\000\040\000F\000i\000n\000a\000n\000c\000i\000a\000l\000\040\000A\000s\000s\000e\000t}{chapter.3}% 11
\BOOKMARK [0][-]{chapter.4}{\376\377\000E\000c\000o\000n\000o\000m\000e\000t\000r\000i\000c\000\040\000M\000o\000d\000e\000l\000s}{}% 12
\BOOKMARK [1][-]{section.4.1}{\376\377\000L\000i\000n\000e\000a\000r\000\040\000T\000i\000m\000e\000\040\000S\000e\000r\000i\000e\000s\000\040\000M\000o\000d\000e\000l\000s}{chapter.4}% 13
\BOOKMARK [1][-]{section.4.2}{\376\377\000H\000A\000R\000\040\000M\000o\000d\000e\000l\000s}{chapter.4}% 14
\BOOKMARK [2][-]{subsection.4.2.1}{\376\377\000V\000a\000r\000i\000a\000n\000t\000s\000\040\000o\000f\000\040\000t\000h\000e\000\040\000H\000A\000R\000\040\000M\000o\000d\000e\000l}{section.4.2}% 15
\BOOKMARK [1][-]{section.4.3}{\376\377\000A\000s\000s\000u\000m\000p\000t\000i\000o\000n\000s}{chapter.4}% 16
\BOOKMARK [0][-]{chapter.5}{\376\377\000D\000e\000e\000p\000\040\000L\000e\000a\000r\000n\000i\000n\000g}{}% 17
\BOOKMARK [1][-]{section.5.1}{\376\377\000M\000a\000c\000h\000i\000n\000e\000\040\000L\000e\000a\000r\000n\000i\000n\000g}{chapter.5}% 18
\BOOKMARK [2][-]{subsection.5.1.1}{\376\377\000O\000r\000i\000g\000i\000n\000s\000\040\000o\000f\000\040\000D\000e\000e\000p\000\040\000L\000e\000a\000r\000n\000i\000n\000g}{section.5.1}% 19
\BOOKMARK [1][-]{section.5.2}{\376\377\000M\000u\000l\000t\000i\000l\000a\000y\000e\000r\000\040\000P\000e\000r\000c\000e\000p\000t\000r\000o\000n}{chapter.5}% 20
\BOOKMARK [2][-]{subsection.5.2.1}{\376\377\000N\000e\000u\000r\000a\000l\000\040\000N\000e\000t\000w\000o\000r\000k\000\040\000A\000r\000c\000h\000i\000t\000e\000c\000t\000u\000r\000e}{section.5.2}% 21
\BOOKMARK [2][-]{subsection.5.2.2}{\376\377\000A\000c\000t\000i\000v\000a\000t\000i\000o\000n\000\040\000F\000u\000n\000c\000t\000i\000o\000n\000s}{section.5.2}% 22
\BOOKMARK [2][-]{subsection.5.2.3}{\376\377\000S\000t\000o\000c\000h\000a\000s\000t\000i\000c\000\040\000G\000r\000a\000d\000i\000e\000n\000t\000\040\000D\000e\000s\000c\000e\000n\000t}{section.5.2}% 23
\BOOKMARK [1][-]{section.5.3}{\376\377\000D\000e\000e\000p\000\040\000L\000e\000a\000r\000n\000i\000n\000g\000\040\000i\000n\000\040\000T\000i\000m\000e\000\040\000S\000e\000r\000i\000e\000s\000\040\000F\000o\000r\000e\000c\000a\000s\000t\000i\000n\000g}{chapter.5}% 24
\BOOKMARK [1][-]{section.5.4}{\376\377\000R\000e\000c\000u\000r\000r\000e\000n\000t\000\040\000N\000e\000u\000r\000a\000l\000\040\000N\000e\000t\000w\000o\000r\000k\000s}{chapter.5}% 25
\BOOKMARK [2][-]{subsection.5.4.1}{\376\377\000L\000o\000n\000g\000\040\000S\000h\000o\000r\000t\000-\000T\000e\000r\000m\000\040\000M\000e\000m\000o\000r\000y}{section.5.4}% 26
\BOOKMARK [2][-]{subsection.5.4.2}{}{section.5.4}% 27
\BOOKMARK [1][-]{section.5.5}{\376\377\000C\000o\000n\000v\000o\000l\000u\000t\000i\000o\000n\000a\000l\000\040\000N\000e\000u\000r\000a\000l\000\040\000N\000e\000t\000w\000o\000r\000k\000s\000\040\000f\000o\000r\000\040\000T\000i\000m\000e\000\040\000S\000e\000r\000i\000e\000s\000\040\000F\000o\000r\000e\000c\000a\000s\000t\000i\000n\000g}{chapter.5}% 28
\BOOKMARK [2][-]{subsection.5.5.1}{\376\377\000D\000i\000l\000a\000t\000e\000d\000\040\000C\000a\000u\000s\000a\000l\000\040\000C\000o\000n\000v\000o\000l\000u\000t\000i\000o\000n\000a\000l\000\040\000N\000e\000u\000r\000a\000l\000\040\000N\000e\000t\000w\000o\000r\000k\000s}{section.5.5}% 29
\BOOKMARK [1][-]{section.5.6}{\376\377\000H\000A\000R\000-\000I\000n\000s\000p\000i\000r\000e\000d\000\040\000N\000e\000u\000r\000a\000l\000\040\000N\000e\000t\000w\000o\000r\000k\000s}{chapter.5}% 30
\BOOKMARK [2][-]{subsection.5.6.1}{\376\377\000T\000r\000a\000i\000n\000i\000n\000g\000\040\000D\000a\000t\000a}{section.5.6}% 31
\BOOKMARK [2][-]{subsection.5.6.2}{\376\377\000N\000e\000t\000w\000o\000r\000k\000\040\000A\000r\000c\000h\000i\000t\000e\000c\000t\000u\000r\000e}{section.5.6}% 32
\BOOKMARK [0][-]{chapter.6}{\376\377\000R\000e\000s\000u\000l\000t\000s}{}% 33
\BOOKMARK [1][-]{section.6.1}{\376\377\000S\000t\000a\000t\000i\000o\000n\000a\000r\000i\000t\000y}{chapter.6}% 34
\BOOKMARK [1][-]{section.6.2}{\376\377\000I\000n\000-\000S\000a\000m\000p\000l\000e\000\040\000E\000v\000a\000l\000u\000a\000t\000i\000o\000n}{chapter.6}% 35
\BOOKMARK [2][-]{subsection.6.2.1}{\376\377\000H\000A\000R\000\040\000M\000o\000d\000e\000l\000s}{section.6.2}% 36
\BOOKMARK [2][-]{subsection.6.2.2}{\376\377\000N\000e\000u\000r\000a\000l\000\040\000N\000e\000t\000w\000o\000r\000k\000s}{section.6.2}% 37
\BOOKMARK [2][-]{subsection.6.2.3}{\376\377\000H\000A\000R\000\040\000I\000n\000s\000p\000i\000r\000e\000d\000\040\000N\000e\000u\000r\000a\000l\000\040\000N\000e\000t\000w\000o\000r\000k\000s}{section.6.2}% 38
\BOOKMARK [1][-]{section.6.3}{\376\377\000F\000o\000r\000e\000c\000a\000s\000t\000i\000n\000g\000\040\000P\000e\000r\000f\000o\000r\000m\000a\000n\000c\000e}{chapter.6}% 39
\BOOKMARK [2][-]{subsection.6.3.1}{\376\377\000H\000A\000R\000\040\000M\000o\000d\000e\000l\000s}{section.6.3}% 40
\BOOKMARK [2][-]{subsection.6.3.2}{\376\377\000N\000e\000u\000r\000a\000l\000\040\000N\000e\000t\000w\000o\000r\000k\000s}{section.6.3}% 41
\BOOKMARK [2][-]{subsection.6.3.3}{\376\377\000H\000A\000R\000\040\000I\000n\000s\000p\000i\000r\000e\000d\000\040\000N\000e\000u\000r\000a\000l\000\040\000N\000e\000t\000w\000o\000r\000k\000s}{section.6.3}% 42
\BOOKMARK [0][-]{chapter.7}{\376\377\000D\000i\000s\000c\000u\000s\000s\000i\000o\000n}{}% 43
\BOOKMARK [1][-]{section.7.1}{\376\377\000M\000a\000c\000h\000i\000n\000e\000\040\000L\000e\000a\000r\000n\000i\000n\000g\000\040\000i\000n\000\040\000F\000i\000n\000a\000n\000c\000e}{chapter.7}% 44
\BOOKMARK [1][-]{section.7.2}{\376\377\000I\000n\000f\000e\000r\000e\000n\000c\000e\000\040\000o\000r\000\040\000A\000c\000c\000u\000r\000a\000c\000y}{chapter.7}% 45
\BOOKMARK [0][-]{chapter.8}{\376\377\000C\000o\000n\000c\000l\000u\000s\000i\000o\000n}{}% 46
